{"name": "test_checking_sorting_by_popularity", "status": "failed", "statusDetails": {"message": "AssertionError: 'Sort by popularity2' != 'Sort by popularity'\n- Sort by popularity2\n?                   -\n+ Sort by popularity", "trace": "self = <sorting_test.SortingTest testMethod=test_checking_sorting_by_popularity>\n\n    @allure.story('Sorting product')\n    @allure.severity(allure.severity_level.NORMAL)\n    def test_checking_sorting_by_popularity(self):\n        \"\"\"\n        TC 001: Test checking sorting by popularity:\n        \"\"\"\n        with allure.step('Choose menu'):\n            self.home_page.choose_menu()\n            self.base_page.attach_screenshot(name='Choose menu')\n        with allure.step('Click on sorting list'):\n            self.sort_page.click_on_sorting_list()\n            self.base_page.attach_screenshot(name='Click on sorting list')\n        with allure.step('Select_sorting_by_popularity'):\n            self.sort_page.select_sorting_by_popularity()\n            self.base_page.attach_screenshot(name='Select_sorting_by_popularity')\n        # Checking expected effects using assertions\n        with allure.step('Verify sorting option'):\n            sort_popularity = self.driver.find_element(*SortLocators.OPTION_POPULARITY)\n>           self.assertEqual(\"Sort by popularity2\", sort_popularity.text)\nE           AssertionError: 'Sort by popularity2' != 'Sort by popularity'\nE           - Sort by popularity2\nE           ?                   -\nE           + Sort by popularity\n\nProjekt\\tests\\sorting_test.py:45: AssertionError"}, "description": "\n        TC 001: Test checking sorting by popularity:\n        ", "steps": [{"name": "Initialize page", "status": "passed", "start": 1719214164521, "stop": 1719214164521}, {"name": "Choose menu", "status": "passed", "attachments": [{"name": "Choose menu", "source": "dc7bfa35-8386-4f53-9234-413a6c793e1d-attachment.png", "type": "image/png"}], "start": 1719214164521, "stop": 1719214164978}, {"name": "Click on sorting list", "status": "passed", "attachments": [{"name": "Click on sorting list", "source": "7fe93623-8ef9-4363-8498-38240a92f152-attachment.png", "type": "image/png"}], "start": 1719214164978, "stop": 1719214165308}, {"name": "Select_sorting_by_popularity", "status": "passed", "attachments": [{"name": "Select_sorting_by_popularity", "source": "728d41d9-c118-453f-a20f-bb81771c0334-attachment.png", "type": "image/png"}], "start": 1719214165308, "stop": 1719214165639}, {"name": "Verify sorting option", "status": "failed", "statusDetails": {"message": "AssertionError: 'Sort by popularity2' != 'Sort by popularity'\n- Sort by popularity2\n?                   -\n+ Sort by popularity\n\n", "trace": "  File \"C:\\Users\\krzys\\Allure_Try\\Allure_test\\Projekt\\tests\\sorting_test.py\", line 45, in test_checking_sorting_by_popularity\n    self.assertEqual(\"Sort by popularity2\", sort_popularity.text)\n  File \"C:\\Users\\krzys\\AppData\\Local\\Programs\\Python\\Python311\\Lib\\unittest\\case.py\", line 873, in assertEqual\n    assertion_func(first, second, msg=msg)\n  File \"C:\\Users\\krzys\\AppData\\Local\\Programs\\Python\\Python311\\Lib\\unittest\\case.py\", line 1253, in assertMultiLineEqual\n    self.fail(self._formatMessage(msg, standardMsg))\n  File \"C:\\Users\\krzys\\AppData\\Local\\Programs\\Python\\Python311\\Lib\\unittest\\case.py\", line 703, in fail\n    raise self.failureException(msg)\n"}, "start": 1719214165639, "stop": 1719214165653}], "start": 1719214157184, "stop": 1719214168340, "uuid": "cb169a97-b4ee-4874-8606-1fe3b5271c46", "historyId": "4897310571fb69656edbe607860590cf", "testCaseId": "4897310571fb69656edbe607860590cf", "fullName": "Projekt.tests.sorting_test.SortingTest#test_checking_sorting_by_popularity", "labels": [{"name": "severity", "value": "normal"}, {"name": "story", "value": "Sorting product"}, {"name": "parentSuite", "value": "Projekt.tests"}, {"name": "suite", "value": "sorting_test"}, {"name": "subSuite", "value": "SortingTest"}, {"name": "host", "value": "Krzysztof"}, {"name": "thread", "value": "11784-MainThread"}, {"name": "framework", "value": "pytest"}, {"name": "language", "value": "cpython3"}, {"name": "package", "value": "Projekt.tests.sorting_test"}]}