{"name": "test_checking_sorting_by_popularity", "status": "failed", "statusDetails": {"message": "AssertionError: 'Sort by popularity2' != 'Sort by popularity'\n- Sort by popularity2\n?                   -\n+ Sort by popularity", "trace": "self = <sorting_test.SortingTest testMethod=test_checking_sorting_by_popularity>\n\n    @allure.story('Sorting product')\n    @allure.severity(allure.severity_level.NORMAL)\n    def test_checking_sorting_by_popularity(self):\n        \"\"\"\n        TC 001: Test checking sorting by popularity:\n        \"\"\"\n        with allure.step('Choose menu'):\n            self.home_page.choose_menu()\n            self.base_page.attach_screenshot(name='Choose menu')\n        with allure.step('Click on sorting list'):\n            self.sort_page.click_on_sorting_list()\n            self.base_page.attach_screenshot(name='Click on sorting list')\n        with allure.step('Select_sorting_by_popularity'):\n            self.sort_page.select_sorting_by_popularity()\n            self.base_page.attach_screenshot(name='Select_sorting_by_popularity')\n        # Checking expected effects using assertions\n        with allure.step('Verify sorting option'):\n            sort_popularity = self.driver.find_element(*SortLocators.OPTION_POPULARITY)\n>           self.assertEqual(\"Sort by popularity2\", sort_popularity.text)\nE           AssertionError: 'Sort by popularity2' != 'Sort by popularity'\nE           - Sort by popularity2\nE           ?                   -\nE           + Sort by popularity\n\nProjekt\\tests\\sorting_test.py:45: AssertionError"}, "description": "\n        TC 001: Test checking sorting by popularity:\n        ", "steps": [{"name": "Initialize page", "status": "passed", "start": 1719214445050, "stop": 1719214445050}, {"name": "Choose menu", "status": "passed", "attachments": [{"name": "Choose menu", "source": "7f8f6faa-6e5b-4d37-ba7e-a0925aa9950e-attachment.png", "type": "image/png"}], "start": 1719214445050, "stop": 1719214445453}, {"name": "Click on sorting list", "status": "passed", "attachments": [{"name": "Click on sorting list", "source": "7a650648-a7b3-48fc-8911-7faf406e5fdc-attachment.png", "type": "image/png"}], "start": 1719214445453, "stop": 1719214445776}, {"name": "Select_sorting_by_popularity", "status": "passed", "attachments": [{"name": "Select_sorting_by_popularity", "source": "09fd9bea-31be-4a96-81c7-696f2d2c680f-attachment.png", "type": "image/png"}], "start": 1719214445776, "stop": 1719214446121}, {"name": "Verify sorting option", "status": "failed", "statusDetails": {"message": "AssertionError: 'Sort by popularity2' != 'Sort by popularity'\n- Sort by popularity2\n?                   -\n+ Sort by popularity\n\n", "trace": "  File \"C:\\Users\\krzys\\Allure_Try\\Allure_test\\Projekt\\tests\\sorting_test.py\", line 45, in test_checking_sorting_by_popularity\n    self.assertEqual(\"Sort by popularity2\", sort_popularity.text)\n  File \"C:\\Users\\krzys\\AppData\\Local\\Programs\\Python\\Python311\\Lib\\unittest\\case.py\", line 873, in assertEqual\n    assertion_func(first, second, msg=msg)\n  File \"C:\\Users\\krzys\\AppData\\Local\\Programs\\Python\\Python311\\Lib\\unittest\\case.py\", line 1253, in assertMultiLineEqual\n    self.fail(self._formatMessage(msg, standardMsg))\n  File \"C:\\Users\\krzys\\AppData\\Local\\Programs\\Python\\Python311\\Lib\\unittest\\case.py\", line 703, in fail\n    raise self.failureException(msg)\n"}, "start": 1719214446121, "stop": 1719214446129}], "start": 1719214438330, "stop": 1719214448993, "uuid": "0beee86c-81e9-410c-91de-cc0f9c3c0d81", "historyId": "4897310571fb69656edbe607860590cf", "testCaseId": "4897310571fb69656edbe607860590cf", "fullName": "Projekt.tests.sorting_test.SortingTest#test_checking_sorting_by_popularity", "labels": [{"name": "story", "value": "Sorting product"}, {"name": "severity", "value": "normal"}, {"name": "parentSuite", "value": "Projekt.tests"}, {"name": "suite", "value": "sorting_test"}, {"name": "subSuite", "value": "SortingTest"}, {"name": "host", "value": "Krzysztof"}, {"name": "thread", "value": "15812-MainThread"}, {"name": "framework", "value": "pytest"}, {"name": "language", "value": "cpython3"}, {"name": "package", "value": "Projekt.tests.sorting_test"}]}